2022-03-25T05:34:55+00:00 CRITICAL Uncaught Error: Call to undefined function get_current_template() in D:\Wamp\www\smartmarket\wp-content\themes\smartmarket\index.php:217
Stack trace:
#0 D:\Wamp\www\smartmarket\wp-includes\template-loader.php(106): include()
#1 D:\Wamp\www\smartmarket\wp-blog-header.php(19): require_once('D:\\Wamp\\www\\sma...')
#2 D:\Wamp\www\smartmarket\index.php(17): require('D:\\Wamp\\www\\sma...')
#3 {main}
  thrown in D:\Wamp\www\smartmarket\wp-content\themes\smartmarket\index.php on line 217

2022-03-25T05:35:03+00:00 CRITICAL Uncaught Error: Call to undefined function get_current_template() in D:\Wamp\www\smartmarket\wp-content\themes\smartmarket\index.php:217
Stack trace:
#0 D:\Wamp\www\smartmarket\wp-includes\template-loader.php(106): include()
#1 D:\Wamp\www\smartmarket\wp-blog-header.php(19): require_once('D:\\Wamp\\www\\sma...')
#2 D:\Wamp\www\smartmarket\index.php(17): require('D:\\Wamp\\www\\sma...')
#3 {main}
  thrown in D:\Wamp\www\smartmarket\wp-content\themes\smartmarket\index.php on line 217

2022-03-25T05:35:19+00:00 CRITICAL Uncaught Error: Call to undefined function get_current_template() in D:\Wamp\www\smartmarket\wp-content\themes\smartmarket\index.php:217
Stack trace:
#0 D:\Wamp\www\smartmarket\wp-includes\template-loader.php(106): include()
#1 D:\Wamp\www\smartmarket\wp-blog-header.php(19): require_once('D:\\Wamp\\www\\sma...')
#2 D:\Wamp\www\smartmarket\index.php(17): require('D:\\Wamp\\www\\sma...')
#3 {main}
  thrown in D:\Wamp\www\smartmarket\wp-content\themes\smartmarket\index.php on line 217

2022-03-25T05:35:26+00:00 CRITICAL Uncaught Error: Call to undefined function get_current_template() in D:\Wamp\www\smartmarket\wp-content\themes\smartmarket\index.php:217
Stack trace:
#0 D:\Wamp\www\smartmarket\wp-includes\template-loader.php(106): include()
#1 D:\Wamp\www\smartmarket\wp-blog-header.php(19): require_once('D:\\Wamp\\www\\sma...')
#2 D:\Wamp\www\smartmarket\index.php(17): require('D:\\Wamp\\www\\sma...')
#3 {main}
  thrown in D:\Wamp\www\smartmarket\wp-content\themes\smartmarket\index.php on line 217

2022-03-25T05:35:30+00:00 CRITICAL Uncaught Error: Call to undefined function get_current_template() in D:\Wamp\www\smartmarket\wp-content\themes\smartmarket\index.php:217
Stack trace:
#0 D:\Wamp\www\smartmarket\wp-includes\template-loader.php(106): include()
#1 D:\Wamp\www\smartmarket\wp-blog-header.php(19): require_once('D:\\Wamp\\www\\sma...')
#2 D:\Wamp\www\smartmarket\index.php(17): require('D:\\Wamp\\www\\sma...')
#3 {main}
  thrown in D:\Wamp\www\smartmarket\wp-content\themes\smartmarket\index.php on line 217

2022-03-25T05:35:54+00:00 CRITICAL Uncaught Error: Call to undefined function get_current_template() in D:\Wamp\www\smartmarket\wp-content\themes\smartmarket\index.php:217
Stack trace:
#0 D:\Wamp\www\smartmarket\wp-includes\template-loader.php(106): include()
#1 D:\Wamp\www\smartmarket\wp-blog-header.php(19): require_once('D:\\Wamp\\www\\sma...')
#2 D:\Wamp\www\smartmarket\index.php(17): require('D:\\Wamp\\www\\sma...')
#3 {main}
  thrown in D:\Wamp\www\smartmarket\wp-content\themes\smartmarket\index.php on line 217

2022-03-25T05:36:10+00:00 CRITICAL Uncaught Error: Call to undefined function get_current_template() in D:\Wamp\www\smartmarket\wp-content\themes\smartmarket\index.php:217
Stack trace:
#0 D:\Wamp\www\smartmarket\wp-includes\template-loader.php(106): include()
#1 D:\Wamp\www\smartmarket\wp-blog-header.php(19): require_once('D:\\Wamp\\www\\sma...')
#2 D:\Wamp\www\smartmarket\index.php(17): require('D:\\Wamp\\www\\sma...')
#3 {main}
  thrown in D:\Wamp\www\smartmarket\wp-content\themes\smartmarket\index.php on line 217

2022-03-25T05:36:18+00:00 CRITICAL Uncaught Error: Call to undefined function get_current_template() in D:\Wamp\www\smartmarket\wp-content\themes\smartmarket\index.php:217
Stack trace:
#0 D:\Wamp\www\smartmarket\wp-includes\template-loader.php(106): include()
#1 D:\Wamp\www\smartmarket\wp-blog-header.php(19): require_once('D:\\Wamp\\www\\sma...')
#2 D:\Wamp\www\smartmarket\index.php(17): require('D:\\Wamp\\www\\sma...')
#3 {main}
  thrown in D:\Wamp\www\smartmarket\wp-content\themes\smartmarket\index.php on line 217

2022-03-25T05:36:27+00:00 CRITICAL Uncaught Error: Call to undefined function get_current_template() in D:\Wamp\www\smartmarket\wp-content\themes\smartmarket\index.php:217
Stack trace:
#0 D:\Wamp\www\smartmarket\wp-includes\template-loader.php(106): include()
#1 D:\Wamp\www\smartmarket\wp-blog-header.php(19): require_once('D:\\Wamp\\www\\sma...')
#2 D:\Wamp\www\smartmarket\index.php(17): require('D:\\Wamp\\www\\sma...')
#3 {main}
  thrown in D:\Wamp\www\smartmarket\wp-content\themes\smartmarket\index.php on line 217

2022-03-25T05:36:32+00:00 CRITICAL Uncaught Error: Call to undefined function get_current_template() in D:\Wamp\www\smartmarket\wp-content\themes\smartmarket\index.php:217
Stack trace:
#0 D:\Wamp\www\smartmarket\wp-includes\template-loader.php(106): include()
#1 D:\Wamp\www\smartmarket\wp-blog-header.php(19): require_once('D:\\Wamp\\www\\sma...')
#2 D:\Wamp\www\smartmarket\index.php(17): require('D:\\Wamp\\www\\sma...')
#3 {main}
  thrown in D:\Wamp\www\smartmarket\wp-content\themes\smartmarket\index.php on line 217

